{"meta": {"format": 3, "version": "7.16.0", "timestamp": "2026-09-13T20:10:58.025955", "branch_coverage": false, "show_contexts": false}, "files": {"video_to_xy_audio.py": {"executed_lines": [59, 61, 62, 63, 64, 65, 66, 67, 68, 70, 71, 74, 76, 79, 85, 86, 87, 88, 89, 90, 91, 92, 93, 94, 95, 97, 98, 99, 100, 101, 102, 105, 119, 120, 121, 122, 123, 125, 127, 128, 129, 130, 131, 133, 134, 136, 137, 141, 142, 145, 146, 147, 149, 150, 153, 154, 157, 158, 160, 161, 162, 166, 169, 176, 180, 181, 182, 183, 186, 187, 188, 190, 191, 193, 194, 197, 198, 200, 201, 204, 212, 215, 216, 217, 219, 220, 221, 222, 224, 225, 226, 227, 228, 229, 230, 231, 233, 234, 235, 236, 238, 241, 247, 248, 249, 250, 251, 253, 255, 256, 257, 258, 261, 262, 264, 265, 267, 268, 269, 270, 271, 272, 276, 284, 285, 286, 287, 289, 290, 291, 292, 294, 295, 298, 299, 300, 301, 302, 303, 305, 306, 307, 308, 309, 310, 311, 313, 315, 317, 318, 319, 320, 321, 322, 323, 324, 325, 326, 327, 328, 329, 330, 331, 332, 334, 336, 337, 338, 339, 340, 341, 342, 343, 344, 346, 347, 349, 351, 352, 353, 356, 367, 368, 369, 370, 371, 372, 373, 374, 375, 376, 377, 378, 379, 380, 381, 382, 383, 384, 385, 386, 387, 388, 389, 390, 391, 392, 393, 397, 398, 399, 401, 402, 403, 404, 405, 407, 410, 412, 415, 416, 417, 418, 421, 434, 435, 437, 438, 440, 441, 443, 445, 446, 447, 450, 462, 463, 464, 466, 467, 471, 472, 474, 479, 480, 484, 485, 487, 488, 489, 491, 496, 497, 500, 502, 504, 507, 512, 519, 520, 521, 523, 524, 525, 526, 528, 529, 530, 531, 532, 533, 535, 536, 537, 538, 539, 540, 541, 542, 543, 545, 547, 548, 549, 550, 551, 552, 555, 558, 559, 560, 562, 563, 564, 565, 568, 569, 570, 571, 574, 590, 591, 594, 595, 596, 600, 602, 604, 606, 607, 611, 615, 619, 623, 629, 631, 633, 634, 638, 639, 640, 641, 645, 646, 648, 651, 657, 661, 663, 664, 668, 671, 673, 676, 677, 678, 680, 682, 684, 685, 686, 687, 688, 690, 691, 692, 694, 696, 697, 698, 700, 702, 704, 705, 707, 708, 709, 712, 714, 715, 716, 717, 718, 721, 722, 723, 724, 725, 726, 727, 728, 729, 732, 733, 734, 735, 743, 744, 745, 746, 748, 749, 750, 751, 752, 755, 756, 759, 760, 761, 762, 764, 765, 766, 767, 769, 772, 773, 776, 777, 778, 779, 780, 781, 782, 785, 787, 788, 789, 790, 791, 792, 793, 797, 798, 800, 801, 802, 807, 808, 809, 810, 811, 813, 818, 819, 821, 832, 834, 835, 836, 837, 840, 841], "summary": {"covered_lines": 434, "num_statements": 485, "percent_covered": 89.48453608247422, "percent_covered_display": "89", "missing_lines": 51, "excluded_lines": 0, "percent_statements_covered": 89.48453608247422, "percent_statements_covered_display": "89"}, "missing_lines": [135, 139, 143, 151, 184, 199, 213, 259, 395, 396, 505, 522, 575, 576, 577, 586, 587, 679, 681, 683, 689, 693, 695, 699, 701, 703, 706, 730, 736, 737, 741, 753, 754, 757, 758, 768, 774, 783, 812, 814, 815, 816, 820, 823, 824, 825, 826, 828, 829, 830, 833], "excluded_lines": [], "functions": {"parse_source": {"executed_lines": [76], "summary": {"covered_lines": 1, "num_statements": 1, "percent_covered": 100.0, "percent_covered_display": "100", "missing_lines": 0, "excluded_lines": 0, "percent_statements_covered": 100.0, "percent_statements_covered_display": "100"}, "missing_lines": [], "excluded_lines": [], "start_line": 74}, "FrameSampleClock.__init__": {"executed_lines": [86, 87, 88, 89, 90, 91, 92, 93, 94, 95], "summary": {"covered_lines": 10, "num_statements": 10, "percent_covered": 100.0, "percent_covered_display": "100", "missing_lines": 0, "excluded_lines": 0, "percent_statements_covered": 100.0, "percent_statements_covered_display": "100"}, "missing_lines": [], "excluded_lines": [], "start_line": 85}, "FrameSampleClock.next_count": {"executed_lines": [98, 99, 100, 101, 102], "summary": {"covered_lines": 5, "num_statements": 5, "percent_covered": 100.0, "percent_covered_display": "100", "missing_lines": 0, "excluded_lines": 0, "percent_statements_covered": 100.0, "percent_statements_covered_display": "100"}, "missing_lines": [], "excluded_lines": [], "start_line": 97}, "preprocess_edges": {"executed_lines": [119, 120, 121, 122, 123, 125, 127, 128, 129, 130, 131, 133, 134, 136, 137, 141, 142, 145, 146, 147, 149, 150, 153, 154, 157, 158, 160, 161, 162, 166], "summary": {"covered_lines": 30, "num_statements": 34, "percent_covered": 88.23529411764706, "percent_covered_display": "88", "missing_lines": 4, "excluded_lines": 0, "percent_statements_covered": 88.23529411764706, "percent_statements_covered_display": "88"}, "missing_lines": [135, 139, 143, 151], "excluded_lines": [], "start_line": 105}, "extract_contours": {"executed_lines": [176, 180, 181, 182, 183, 186, 187, 188, 190, 191, 193, 194], "summary": {"covered_lines": 12, "num_statements": 13, "percent_covered": 92.3076923076923, "percent_covered_display": "92", "missing_lines": 1, "excluded_lines": 0, "percent_statements_covered": 92.3076923076923, "percent_statements_covered_display": "92"}, "missing_lines": [184], "excluded_lines": [], "start_line": 169}, "polyline_length": {"executed_lines": [198, 200, 201], "summary": {"covered_lines": 3, "num_statements": 4, "percent_covered": 75.0, "percent_covered_display": "75", "missing_lines": 1, "excluded_lines": 0, "percent_statements_covered": 75.0, "percent_statements_covered_display": "75"}, "missing_lines": [199], "excluded_lines": [], "start_line": 197}, "order_contours": {"executed_lines": [212, 215, 216, 217, 219, 220, 221, 222, 224, 225, 226, 227, 228, 229, 230, 231, 233, 234, 235, 236, 238], "summary": {"covered_lines": 21, "num_statements": 22, "percent_covered": 95.45454545454545, "percent_covered_display": "95", "missing_lines": 1, "excluded_lines": 0, "percent_statements_covered": 95.45454545454545, "percent_statements_covered_display": "95"}, "missing_lines": [213], "excluded_lines": [], "start_line": 204}, "resample_closed_contour": {"executed_lines": [247, 248, 249, 250, 251, 253, 255, 256, 257, 258, 261, 262, 264, 265, 267, 268, 269, 270, 271, 272], "summary": {"covered_lines": 20, "num_statements": 21, "percent_covered": 95.23809523809524, "percent_covered_display": "95", "missing_lines": 1, "excluded_lines": 0, "percent_statements_covered": 95.23809523809524, "percent_statements_covered_display": "95"}, "missing_lines": [259], "excluded_lines": [], "start_line": 241}, "ContourTracker.__init__": {"executed_lines": [285, 286, 287], "summary": {"covered_lines": 3, "num_statements": 3, "percent_covered": 100.0, "percent_covered_display": "100", "missing_lines": 0, "excluded_lines": 0, "percent_statements_covered": 100.0, "percent_statements_covered_display": "100"}, "missing_lines": [], "excluded_lines": [], "start_line": 284}, "ContourTracker.describe": {"executed_lines": [291, 292], "summary": {"covered_lines": 2, "num_statements": 2, "percent_covered": 100.0, "percent_covered_display": "100", "missing_lines": 0, "excluded_lines": 0, "percent_statements_covered": 100.0, "percent_statements_covered_display": "100"}, "missing_lines": [], "excluded_lines": [], "start_line": 290}, "ContourTracker.align": {"executed_lines": [298, 299, 300, 301, 302, 303, 305, 306, 307, 308, 309, 310, 313], "summary": {"covered_lines": 13, "num_statements": 13, "percent_covered": 100.0, "percent_covered_display": "100", "missing_lines": 0, "excluded_lines": 0, "percent_statements_covered": 100.0, "percent_statements_covered_display": "100"}, "missing_lines": [], "excluded_lines": [], "start_line": 295}, "ContourTracker.align.error": {"executed_lines": [311], "summary": {"covered_lines": 1, "num_statements": 1, "percent_covered": 100.0, "percent_covered_display": "100", "missing_lines": 0, "excluded_lines": 0, "percent_statements_covered": 100.0, "percent_statements_covered_display": "100"}, "missing_lines": [], "excluded_lines": [], "start_line": 310}, "ContourTracker.update": {"executed_lines": [317, 318, 319, 320, 321, 322, 323, 324, 325, 326, 327, 328, 329, 330, 331, 332, 334, 336, 337, 338, 339, 340, 341, 342, 343, 344, 346, 347, 349, 351, 352, 353], "summary": {"covered_lines": 32, "num_statements": 32, "percent_covered": 100.0, "percent_covered_display": "100", "missing_lines": 0, "excluded_lines": 0, "percent_statements_covered": 100.0, "percent_statements_covered_display": "100"}, "missing_lines": [], "excluded_lines": [], "start_line": 315}, "allocate_samples": {"executed_lines": [367, 368, 369, 370, 371, 372, 373, 374, 375, 376, 377, 378, 379, 380, 381, 382, 383, 384, 385, 386, 387, 388, 389, 390, 391, 392, 393, 397, 398, 399, 401, 402, 403, 404, 405, 407], "summary": {"covered_lines": 36, "num_statements": 38, "percent_covered": 94.73684210526316, "percent_covered_display": "95", "missing_lines": 2, "excluded_lines": 0, "percent_statements_covered": 94.73684210526316, "percent_statements_covered_display": "95"}, "missing_lines": [395, 396], "excluded_lines": [], "start_line": 356}, "validate_scan_budget": {"executed_lines": [412, 415, 416, 417, 418], "summary": {"covered_lines": 5, "num_statements": 5, "percent_covered": 100.0, "percent_covered_display": "100", "missing_lines": 0, "excluded_lines": 0, "percent_statements_covered": 100.0, "percent_statements_covered_display": "100"}, "missing_lines": [], "excluded_lines": [], "start_line": 410}, "pixel_to_scope_xy": {"executed_lines": [434, 435, 437, 438, 440, 441, 443, 445, 446, 447], "summary": {"covered_lines": 10, "num_statements": 10, "percent_covered": 100.0, "percent_covered_display": "100", "missing_lines": 0, "excluded_lines": 0, "percent_statements_covered": 100.0, "percent_statements_covered_display": "100"}, "missing_lines": [], "excluded_lines": [], "start_line": 421}, "build_trace": {"executed_lines": [462, 463, 464, 466, 467, 471, 472, 474, 479, 480, 484, 485, 487, 488, 489, 491, 496, 497, 500, 502, 504, 507], "summary": {"covered_lines": 22, "num_statements": 23, "percent_covered": 95.65217391304348, "percent_covered_display": "96", "missing_lines": 1, "excluded_lines": 0, "percent_statements_covered": 95.65217391304348, "percent_statements_covered_display": "96"}, "missing_lines": [505], "excluded_lines": [], "start_line": 450}, "TraceRepeater.__init__": {"executed_lines": [520, 521, 523, 524, 525, 526], "summary": {"covered_lines": 6, "num_statements": 7, "percent_covered": 85.71428571428571, "percent_covered_display": "86", "missing_lines": 1, "excluded_lines": 0, "percent_statements_covered": 85.71428571428571, "percent_statements_covered_display": "86"}, "missing_lines": [522], "excluded_lines": [], "start_line": 519}, "TraceRepeater.publish": {"executed_lines": [529, 530, 531, 532, 533], "summary": {"covered_lines": 5, "num_statements": 5, "percent_covered": 100.0, "percent_covered_display": "100", "missing_lines": 0, "excluded_lines": 0, "percent_statements_covered": 100.0, "percent_statements_covered_display": "100"}, "missing_lines": [], "excluded_lines": [], "start_line": 528}, "TraceRepeater._fill": {"executed_lines": [536, 537, 538, 539, 540, 541, 542, 543], "summary": {"covered_lines": 8, "num_statements": 8, "percent_covered": 100.0, "percent_covered_display": "100", "missing_lines": 0, "excluded_lines": 0, "percent_statements_covered": 100.0, "percent_statements_covered_display": "100"}, "missing_lines": [], "excluded_lines": [], "start_line": 535}, "TraceRepeater.read": {"executed_lines": [547, 548, 549, 550, 551, 552], "summary": {"covered_lines": 6, "num_statements": 6, "percent_covered": 100.0, "percent_covered_display": "100", "missing_lines": 0, "excluded_lines": 0, "percent_statements_covered": 100.0, "percent_statements_covered_display": "100"}, "missing_lines": [], "excluded_lines": [], "start_line": 545}, "LiveTracePlayer.__init__": {"executed_lines": [559, 560], "summary": {"covered_lines": 2, "num_statements": 2, "percent_covered": 100.0, "percent_covered_display": "100", "missing_lines": 0, "excluded_lines": 0, "percent_statements_covered": 100.0, "percent_statements_covered_display": "100"}, "missing_lines": [], "excluded_lines": [], "start_line": 558}, "LiveTracePlayer.callback": {"executed_lines": [563, 564, 565], "summary": {"covered_lines": 3, "num_statements": 3, "percent_covered": 100.0, "percent_covered_display": "100", "missing_lines": 0, "excluded_lines": 0, "percent_statements_covered": 100.0, "percent_statements_covered_display": "100"}, "missing_lines": [], "excluded_lines": [], "start_line": 562}, "float_to_pcm16": {"executed_lines": [569, 570, 571], "summary": {"covered_lines": 3, "num_statements": 3, "percent_covered": 100.0, "percent_covered_display": "100", "missing_lines": 0, "excluded_lines": 0, "percent_statements_covered": 100.0, "percent_statements_covered_display": "100"}, "missing_lines": [], "excluded_lines": [], "start_line": 568}, "draw_preview": {"executed_lines": [], "summary": {"covered_lines": 0, "num_statements": 5, "percent_covered": 0.0, "percent_covered_display": "0", "missing_lines": 5, "excluded_lines": 0, "percent_statements_covered": 0.0, "percent_statements_covered_display": "0"}, "missing_lines": [575, 576, 577, 586, 587], "excluded_lines": [], "start_line": 574}, "build_argparser": {"executed_lines": [591, 594, 595, 596, 600, 602, 604, 606, 607, 611, 615, 619, 623, 629, 631, 633, 634, 638, 639, 640, 641, 645, 646, 648, 651, 657, 661, 663, 664, 668], "summary": {"covered_lines": 30, "num_statements": 30, "percent_covered": 100.0, "percent_covered_display": "100", "missing_lines": 0, "excluded_lines": 0, "percent_statements_covered": 100.0, "percent_statements_covered_display": "100"}, "missing_lines": [], "excluded_lines": [], "start_line": 590}, "validate_arguments": {"executed_lines": [673, 676, 677, 678, 680, 682, 684, 685, 686, 687, 688, 690, 691, 692, 694, 696, 697, 698, 700, 702, 704, 705, 707, 708, 709], "summary": {"covered_lines": 25, "num_statements": 35, "percent_covered": 71.42857142857143, "percent_covered_display": "71", "missing_lines": 10, "excluded_lines": 0, "percent_statements_covered": 71.42857142857143, "percent_statements_covered_display": "71"}, "missing_lines": [679, 681, 683, 689, 693, 695, 699, 701, 703, 706], "excluded_lines": [], "start_line": 671}, "resolve_output": {"executed_lines": [714, 715, 716, 717, 718], "summary": {"covered_lines": 5, "num_statements": 5, "percent_covered": 100.0, "percent_covered_display": "100", "missing_lines": 0, "excluded_lines": 0, "percent_statements_covered": 100.0, "percent_statements_covered_display": "100"}, "missing_lines": [], "excluded_lines": [], "start_line": 712}, "main": {"executed_lines": [722, 723, 724, 725, 726, 727, 728, 729, 732, 733, 734, 735, 743, 744, 745, 746, 748, 749, 750, 751, 752, 755, 756, 759, 760, 761, 762, 764, 765, 766, 767, 769, 772, 773, 776, 777, 778, 779, 780, 781, 782, 785, 787, 788, 789, 790, 791, 792, 793, 797, 798, 800, 801, 802, 807, 808, 809, 810, 811, 813, 818, 819, 821, 832, 834, 835, 836, 837], "summary": {"covered_lines": 68, "num_statements": 92, "percent_covered": 73.91304347826087, "percent_covered_display": "74", "missing_lines": 24, "excluded_lines": 0, "percent_statements_covered": 73.91304347826087, "percent_statements_covered_display": "74"}, "missing_lines": [730, 736, 737, 741, 753, 754, 757, 758, 768, 774, 783, 812, 814, 815, 816, 820, 823, 824, 825, 826, 828, 829, 830, 833], "excluded_lines": [], "start_line": 721}, "": {"executed_lines": [59, 61, 62, 63, 64, 65, 66, 67, 68, 70, 71, 74, 79, 85, 97, 105, 169, 197, 204, 241, 276, 284, 289, 290, 294, 295, 315, 356, 410, 421, 450, 512, 519, 528, 535, 545, 555, 558, 562, 568, 574, 590, 671, 712, 721, 840, 841], "summary": {"covered_lines": 47, "num_statements": 47, "percent_covered": 100.0, "percent_covered_display": "100", "missing_lines": 0, "excluded_lines": 0, "percent_statements_covered": 100.0, "percent_statements_covered_display": "100"}, "missing_lines": [], "excluded_lines": [], "start_line": 1}}, "classes": {"FrameSampleClock": {"executed_lines": [86, 87, 88, 89, 90, 91, 92, 93, 94, 95, 98, 99, 100, 101, 102], "summary": {"covered_lines": 15, "num_statements": 15, "percent_covered": 100.0, "percent_covered_display": "100", "missing_lines": 0, "excluded_lines": 0, "percent_statements_covered": 100.0, "percent_statements_covered_display": "100"}, "missing_lines": [], "excluded_lines": [], "start_line": 79}, "ContourTracker": {"executed_lines": [285, 286, 287, 291, 292, 298, 299, 300, 301, 302, 303, 305, 306, 307, 308, 309, 310, 311, 313, 317, 318, 319, 320, 321, 322, 323, 324, 325, 326, 327, 328, 329, 330, 331, 332, 334, 336, 337, 338, 339, 340, 341, 342, 343, 344, 346, 347, 349, 351, 352, 353], "summary": {"covered_lines": 51, "num_statements": 51, "percent_covered": 100.0, "percent_covered_display": "100", "missing_lines": 0, "excluded_lines": 0, "percent_statements_covered": 100.0, "percent_statements_covered_display": "100"}, "missing_lines": [], "excluded_lines": [], "start_line": 276}, "TraceRepeater": {"executed_lines": [520, 521, 523, 524, 525, 526, 529, 530, 531, 532, 533, 536, 537, 538, 539, 540, 541, 542, 543, 547, 548, 549, 550, 551, 552], "summary": {"covered_lines": 25, "num_statements": 26, "percent_covered": 96.15384615384616, "percent_covered_display": "96", "missing_lines": 1, "excluded_lines": 0, "percent_statements_covered": 96.15384615384616, "percent_statements_covered_display": "96"}, "missing_lines": [522], "excluded_lines": [], "start_line": 512}, "LiveTracePlayer": {"executed_lines": [559, 560, 563, 564, 565], "summary": {"covered_lines": 5, "num_statements": 5, "percent_covered": 100.0, "percent_covered_display": "100", "missing_lines": 0, "excluded_lines": 0, "percent_statements_covered": 100.0, "percent_statements_covered_display": "100"}, "missing_lines": [], "excluded_lines": [], "start_line": 555}, "": {"executed_lines": [59, 61, 62, 63, 64, 65, 66, 67, 68, 70, 71, 74, 76, 79, 85, 97, 105, 119, 120, 121, 122, 123, 125, 127, 128, 129, 130, 131, 133, 134, 136, 137, 141, 142, 145, 146, 147, 149, 150, 153, 154, 157, 158, 160, 161, 162, 166, 169, 176, 180, 181, 182, 183, 186, 187, 188, 190, 191, 193, 194, 197, 198, 200, 201, 204, 212, 215, 216, 217, 219, 220, 221, 222, 224, 225, 226, 227, 228, 229, 230, 231, 233, 234, 235, 236, 238, 241, 247, 248, 249, 250, 251, 253, 255, 256, 257, 258, 261, 262, 264, 265, 267, 268, 269, 270, 271, 272, 276, 284, 289, 290, 294, 295, 315, 356, 367, 368, 369, 370, 371, 372, 373, 374, 375, 376, 377, 378, 379, 380, 381, 382, 383, 384, 385, 386, 387, 388, 389, 390, 391, 392, 393, 397, 398, 399, 401, 402, 403, 404, 405, 407, 410, 412, 415, 416, 417, 418, 421, 434, 435, 437, 438, 440, 441, 443, 445, 446, 447, 450, 462, 463, 464, 466, 467, 471, 472, 474, 479, 480, 484, 485, 487, 488, 489, 491, 496, 497, 500, 502, 504, 507, 512, 519, 528, 535, 545, 555, 558, 562, 568, 569, 570, 571, 574, 590, 591, 594, 595, 596, 600, 602, 604, 606, 607, 611, 615, 619, 623, 629, 631, 633, 634, 638, 639, 640, 641, 645, 646, 648, 651, 657, 661, 663, 664, 668, 671, 673, 676, 677, 678, 680, 682, 684, 685, 686, 687, 688, 690, 691, 692, 694, 696, 697, 698, 700, 702, 704, 705, 707, 708, 709, 712, 714, 715, 716, 717, 718, 721, 722, 723, 724, 725, 726, 727, 728, 729, 732, 733, 734, 735, 743, 744, 745, 746, 748, 749, 750, 751, 752, 755, 756, 759, 760, 761, 762, 764, 765, 766, 767, 769, 772, 773, 776, 777, 778, 779, 780, 781, 782, 785, 787, 788, 789, 790, 791, 792, 793, 797, 798, 800, 801, 802, 807, 808, 809, 810, 811, 813, 818, 819, 821, 832, 834, 835, 836, 837, 840, 841], "summary": {"covered_lines": 338, "num_statements": 388, "percent_covered": 87.11340206185567, "percent_covered_display": "87", "missing_lines": 50, "excluded_lines": 0, "percent_statements_covered": 87.11340206185567, "percent_statements_covered_display": "87"}, "missing_lines": [135, 139, 143, 151, 184, 199, 213, 259, 395, 396, 505, 575, 576, 577, 586, 587, 679, 681, 683, 689, 693, 695, 699, 701, 703, 706, 730, 736, 737, 741, 753, 754, 757, 758, 768, 774, 783, 812, 814, 815, 816, 820, 823, 824, 825, 826, 828, 829, 830, 833], "excluded_lines": [], "start_line": 1}}}}, "totals": {"covered_lines": 434, "num_statements": 485, "percent_covered": 89.48453608247422, "percent_covered_display": "89", "missing_lines": 51, "excluded_lines": 0, "percent_statements_covered": 89.48453608247422, "percent_statements_covered_display": "89"}}